app/build/intermediates/manifest_merge_blame_file/debug/manifest-merger-blame-debug-report.txt
1<?xml version="1.0" encoding="utf-8"?>
2<manifest xmlns:android="http://schemas.android.com/apk/res/android"
3    package="com.example.its_5"
4    android:versionCode="1"
5    android:versionName="1.0" >
6
7    <uses-sdk
8        android:minSdkVersion="28"
8-->src\main\AndroidManifest.xml
9        android:targetSdkVersion="32" />
9-->src\main\AndroidManifest.xml
10
11    <uses-permission android:name="android.permission.INTERNET" />
11-->src\main\AndroidManifest.xml:5:5-67
11-->src\main\AndroidManifest.xml:5:22-64
12    <uses-permission android:name="android.permission.VIBRATE" />
12-->[pdasdk_v3.39_20211203.aar] AndroidManifest.xml:12:5-66
12-->[pdasdk_v3.39_20211203.aar] AndroidManifest.xml:12:22-63
13    <uses-permission android:name="android.permission.WAKE_LOCK" />
13-->[pdasdk_v3.39_20211203.aar] AndroidManifest.xml:13:5-68
13-->[pdasdk_v3.39_20211203.aar] AndroidManifest.xml:13:22-65
14    <uses-permission android:name="android.permission.DEVICE_POWER" />
14-->[pdasdk_v3.39_20211203.aar] AndroidManifest.xml:14:5-16:47
14-->[pdasdk_v3.39_20211203.aar] AndroidManifest.xml:15:9-55
15    <uses-permission android:name="android.permission.CAMERA" />
15-->[pdasdk_v3.39_20211203.aar] AndroidManifest.xml:17:5-65
15-->[pdasdk_v3.39_20211203.aar] AndroidManifest.xml:17:22-62
16    <uses-permission android:name="android.permission.FLASHLIGHT" />
16-->[pdasdk_v3.39_20211203.aar] AndroidManifest.xml:18:5-69
16-->[pdasdk_v3.39_20211203.aar] AndroidManifest.xml:18:22-66
17
18    <uses-feature android:name="android.hardware.camera" />
18-->[pdasdk_v3.39_20211203.aar] AndroidManifest.xml:20:5-60
18-->[pdasdk_v3.39_20211203.aar] AndroidManifest.xml:20:19-57
19    <uses-feature android:name="android.hardware.camera.autofocus" />
19-->[pdasdk_v3.39_20211203.aar] AndroidManifest.xml:21:5-70
19-->[pdasdk_v3.39_20211203.aar] AndroidManifest.xml:21:19-67
20
21    <application
21-->src\main\AndroidManifest.xml:7:5-54:19
22        android:allowBackup="true"
22-->src\main\AndroidManifest.xml:8:9-35
23        android:appComponentFactory="androidx.core.app.CoreComponentFactory"
23-->[androidx.core:core:1.8.0] AndroidManifest.xml:24:18-86
24        android:dataExtractionRules="@xml/data_extraction_rules"
24-->src\main\AndroidManifest.xml:9:9-65
25        android:debuggable="true"
26        android:extractNativeLibs="false"
27        android:fullBackupContent="@xml/backup_rules"
27-->src\main\AndroidManifest.xml:10:9-54
28        android:icon="@mipmap/ic_launcher"
28-->src\main\AndroidManifest.xml:11:9-43
29        android:label="@string/app_name"
29-->src\main\AndroidManifest.xml:12:9-41
30        android:roundIcon="@mipmap/ic_launcher_round"
30-->src\main\AndroidManifest.xml:13:9-54
31        android:supportsRtl="true"
31-->src\main\AndroidManifest.xml:14:9-35
32        android:testOnly="true"
33        android:theme="@style/Theme.ITS_4"
33-->src\main\AndroidManifest.xml:15:9-43
34        android:usesCleartextTraffic="true" >
34-->src\main\AndroidManifest.xml:16:9-44
35        <activity
35-->src\main\AndroidManifest.xml:18:9-24:20
36            android:name="com.example.its_5.SearchProducts"
36-->src\main\AndroidManifest.xml:19:13-43
37            android:exported="false" >
37-->src\main\AndroidManifest.xml:20:13-37
38            <meta-data
38-->src\main\AndroidManifest.xml:21:13-23:36
39                android:name="android.app.lib_name"
39-->src\main\AndroidManifest.xml:22:17-52
40                android:value="" />
40-->src\main\AndroidManifest.xml:23:17-33
41        </activity>
42        <activity
42-->src\main\AndroidManifest.xml:25:9-38:20
43            android:name="com.example.its_5.LogIn"
43-->src\main\AndroidManifest.xml:26:13-34
44            android:exported="true"
44-->src\main\AndroidManifest.xml:27:13-36
45            android:theme="@style/Theme.Design.Light.NoActionBar" >
45-->src\main\AndroidManifest.xml:28:13-66
46            <intent-filter>
46-->src\main\AndroidManifest.xml:29:13-33:29
47                <action android:name="android.intent.action.MAIN" />
47-->src\main\AndroidManifest.xml:30:17-69
47-->src\main\AndroidManifest.xml:30:25-66
48
49                <category android:name="android.intent.category.LAUNCHER" />
49-->src\main\AndroidManifest.xml:32:17-77
49-->src\main\AndroidManifest.xml:32:27-74
50            </intent-filter>
51
52            <meta-data
52-->src\main\AndroidManifest.xml:21:13-23:36
53                android:name="android.app.lib_name"
53-->src\main\AndroidManifest.xml:22:17-52
54                android:value="" />
54-->src\main\AndroidManifest.xml:23:17-33
55        </activity>
56        <activity
56-->src\main\AndroidManifest.xml:39:9-46:20
57            android:name="com.example.its_5.SignUp"
57-->src\main\AndroidManifest.xml:40:13-35
58            android:exported="true"
58-->src\main\AndroidManifest.xml:41:13-36
59            android:theme="@style/Theme.Design.Light.NoActionBar" >
59-->src\main\AndroidManifest.xml:42:13-66
60            <meta-data
60-->src\main\AndroidManifest.xml:21:13-23:36
61                android:name="android.app.lib_name"
61-->src\main\AndroidManifest.xml:22:17-52
62                android:value="" />
62-->src\main\AndroidManifest.xml:23:17-33
63        </activity>
64        <activity
64-->src\main\AndroidManifest.xml:47:9-53:20
65            android:name="com.example.its_5.MainActivity"
65-->src\main\AndroidManifest.xml:48:13-41
66            android:exported="true" >
66-->src\main\AndroidManifest.xml:49:13-36
67            <meta-data
67-->src\main\AndroidManifest.xml:21:13-23:36
68                android:name="android.app.lib_name"
68-->src\main\AndroidManifest.xml:22:17-52
69                android:value="" />
69-->src\main\AndroidManifest.xml:23:17-33
70        </activity>
71        <activity
71-->[pdasdk_v3.39_20211203.aar] AndroidManifest.xml:24:9-26:85
72            android:name="com.hopeland.ui.ZXingScanActivity"
72-->[pdasdk_v3.39_20211203.aar] AndroidManifest.xml:25:13-61
73            android:configChanges="orientation|keyboardHidden|screenSize|mnc|mcc" />
73-->[pdasdk_v3.39_20211203.aar] AndroidManifest.xml:26:13-82
74        <activity
74-->[pdasdk_v3.39_20211203.aar] AndroidManifest.xml:27:9-29:85
75            android:name="com.hopeland.ui.ZXingDumpActivity"
75-->[pdasdk_v3.39_20211203.aar] AndroidManifest.xml:28:13-61
76            android:configChanges="orientation|keyboardHidden|screenSize|mnc|mcc" />
76-->[pdasdk_v3.39_20211203.aar] AndroidManifest.xml:29:13-82
77
78        <provider
78-->[androidx.emoji2:emoji2:1.2.0] AndroidManifest.xml:24:9-32:20
79            android:name="androidx.startup.InitializationProvider"
79-->[androidx.emoji2:emoji2:1.2.0] AndroidManifest.xml:25:13-67
80            android:authorities="com.example.its_5.androidx-startup"
80-->[androidx.emoji2:emoji2:1.2.0] AndroidManifest.xml:26:13-68
81            android:exported="false" >
81-->[androidx.emoji2:emoji2:1.2.0] AndroidManifest.xml:27:13-37
82            <meta-data
82-->[androidx.emoji2:emoji2:1.2.0] AndroidManifest.xml:29:13-31:52
83                android:name="androidx.emoji2.text.EmojiCompatInitializer"
83-->[androidx.emoji2:emoji2:1.2.0] AndroidManifest.xml:30:17-75
84                android:value="androidx.startup" />
84-->[androidx.emoji2:emoji2:1.2.0] AndroidManifest.xml:31:17-49
85            <meta-data
85-->[androidx.lifecycle:lifecycle-process:2.4.1] AndroidManifest.xml:31:13-33:52
86                android:name="androidx.lifecycle.ProcessLifecycleInitializer"
86-->[androidx.lifecycle:lifecycle-process:2.4.1] AndroidManifest.xml:32:17-78
87                android:value="androidx.startup" />
87-->[androidx.lifecycle:lifecycle-process:2.4.1] AndroidManifest.xml:33:17-49
88        </provider>
89    </application>
90
91</manifest>